0 info it worked if it ends with ok
1 verbose cli [ 'D:\\Program Files\\nodejs\\node.exe',
1 verbose cli   'C:\\Users\\yukuang\\AppData\\Roaming\\npm\\node_modules\\npm\\bin\\npm-cli.js',
1 verbose cli   'adduser' ]
2 info using npm@3.7.2
3 info using node@v5.4.1
4 verbose adduser before first PUT { _id: 'org.couchdb.user:yursile',
4 verbose adduser   name: 'yursile',
4 verbose adduser   password: 'XXXXX',
4 verbose adduser   email: '289181450@qq.com',
4 verbose adduser   type: 'user',
4 verbose adduser   roles: [],
4 verbose adduser   date: '2016-04-01T09:34:55.885Z' }
5 verbose request uri https://registry.npmjs.org/-/user/org.couchdb.user:yursile
6 verbose request new user, so can't send auth
7 info attempt registry request try #1 at 17:34:55
8 verbose request id 69943878773f182d
9 http request PUT https://registry.npmjs.org/-/user/org.couchdb.user:yursile
10 info retry will retry, error on last attempt: Error: socket hang up
11 info attempt registry request try #2 at 17:36:17
12 http request PUT https://registry.npmjs.org/-/user/org.couchdb.user:yursile
13 info retry will retry, error on last attempt: Error: read ECONNRESET
14 info attempt registry request try #3 at 17:37:38
15 http request PUT https://registry.npmjs.org/-/user/org.couchdb.user:yursile
16 verbose request invalidating C:\Users\yukuang\AppData\Roaming\npm-cache\registry.npmjs.org\-\user\org.couchdb.user_3Ayursile on PUT
17 verbose adduser back [ { [Error: read ECONNRESET] code: 'ECONNRESET', errno: 'ECONNRESET', syscall: 'read' },
17 verbose adduser   undefined,
17 verbose adduser   undefined ]
18 verbose stack Error: read ECONNRESET
18 verbose stack     at exports._errnoException (util.js:856:11)
18 verbose stack     at TLSWrap.onread (net.js:544:26)
19 verbose cwd F:\weiyun\down\adv
20 error Windows_NT 6.1.7601
21 error argv "D:\\Program Files\\nodejs\\node.exe" "C:\\Users\\yukuang\\AppData\\Roaming\\npm\\node_modules\\npm\\bin\\npm-cli.js" "adduser"
22 error node v5.4.1
23 error npm  v3.7.2
24 error code ECONNRESET
25 error errno ECONNRESET
26 error syscall read
27 error network read ECONNRESET
28 error network This is most likely not a problem with npm itself
28 error network and is related to network connectivity.
28 error network In most cases you are behind a proxy or have bad network settings.
28 error network
28 error network If you are behind a proxy, please make sure that the
28 error network 'proxy' config is set properly.  See: 'npm help config'
29 verbose exit [ 1, true ]
